[2021-12-04 14:18:53] app.INFO: Protect vendor folder in module contactform [] []
[2021-12-04 14:18:53] app.INFO: Module contactform has no vendor folder [] []
[2021-12-04 14:18:53] app.INFO: Protect vendor folder in module dashactivity [] []
[2021-12-04 14:18:53] app.INFO: Module dashactivity has no vendor folder [] []
[2021-12-04 14:18:53] app.INFO: Protect vendor folder in module dashtrends [] []
[2021-12-04 14:18:53] app.INFO: Module dashtrends has no vendor folder [] []
[2021-12-04 14:18:53] app.INFO: Protect vendor folder in module dashgoals [] []
[2021-12-04 14:18:53] app.INFO: Module dashgoals has no vendor folder [] []
[2021-12-04 14:18:53] app.INFO: Protect vendor folder in module dashproducts [] []
[2021-12-04 14:18:53] app.INFO: Module dashproducts has no vendor folder [] []
[2021-12-04 14:18:53] app.INFO: Protect vendor folder in module graphnvd3 [] []
[2021-12-04 14:18:53] app.INFO: Module graphnvd3 has no vendor folder [] []
[2021-12-04 14:18:53] app.INFO: Protect vendor folder in module gridhtml [] []
[2021-12-04 14:18:53] app.INFO: Module gridhtml has no vendor folder [] []
[2021-12-04 14:18:53] app.INFO: Protect vendor folder in module gsitemap [] []
[2021-12-04 14:18:53] app.INFO: Module gsitemap has no vendor folder [] []
[2021-12-04 14:18:53] app.INFO: Protect vendor folder in module ps_banner [] []
[2021-12-04 14:18:53] app.INFO: Module ps_banner has no vendor folder [] []
[2021-12-04 14:18:53] app.INFO: Protect vendor folder in module ps_categorytree [] []
[2021-12-04 14:18:53] app.INFO: Module ps_categorytree has no vendor folder [] []
[2021-12-04 14:18:54] app.INFO: Protect vendor folder in module ps_checkpayment [] []
[2021-12-04 14:18:54] app.INFO: Module ps_checkpayment has no vendor folder [] []
[2021-12-04 14:18:54] app.INFO: Protect vendor folder in module ps_contactinfo [] []
[2021-12-04 14:18:54] app.INFO: Module ps_contactinfo has no vendor folder [] []
[2021-12-04 14:18:54] app.INFO: Protect vendor folder in module ps_currencyselector [] []
[2021-12-04 14:18:54] app.INFO: Module ps_currencyselector has no vendor folder [] []
[2021-12-04 14:18:54] app.INFO: Protect vendor folder in module ps_customeraccountlinks [] []
[2021-12-04 14:18:54] app.INFO: Module ps_customeraccountlinks has no vendor folder [] []
[2021-12-04 14:18:54] app.INFO: Protect vendor folder in module ps_customersignin [] []
[2021-12-04 14:18:54] app.INFO: Module ps_customersignin has no vendor folder [] []
[2021-12-04 14:18:54] app.INFO: Protect vendor folder in module ps_customtext [] []
[2021-12-04 14:18:54] app.INFO: Module ps_customtext has no vendor folder [] []
[2021-12-04 14:18:54] app.INFO: Protect vendor folder in module ps_emailsubscription [] []
[2021-12-04 14:18:54] app.INFO: Module ps_emailsubscription has no vendor folder [] []
[2021-12-04 14:18:55] app.INFO: Protect vendor folder in module ps_facetedsearch [] []
[2021-12-04 14:18:55] app.INFO: Module ps_facetedsearch has no vendor folder [] []
[2021-12-04 14:18:55] app.INFO: Protect vendor folder in module ps_faviconnotificationbo [] []
[2021-12-04 14:18:55] app.INFO: Module ps_faviconnotificationbo has no vendor folder [] []
[2021-12-04 14:18:55] app.INFO: Protect vendor folder in module ps_featuredproducts [] []
[2021-12-04 14:18:55] app.INFO: Module ps_featuredproducts has no vendor folder [] []
[2021-12-04 14:18:55] app.INFO: Protect vendor folder in module ps_imageslider [] []
[2021-12-04 14:18:55] app.INFO: Module ps_imageslider has no vendor folder [] []
[2021-12-04 14:18:55] app.INFO: Protect vendor folder in module ps_languageselector [] []
[2021-12-04 14:18:55] app.INFO: Module ps_languageselector has no vendor folder [] []
[2021-12-04 14:18:56] app.INFO: Protect vendor folder in module ps_linklist [] []
[2021-12-04 14:18:56] app.INFO: Module ps_linklist has no vendor folder [] []
[2021-12-04 14:18:56] app.ERROR: Class "AdminLinkWidgetController" not found in controllers/admin [] []
[2021-12-04 14:18:56] app.INFO: Protect vendor folder in module ps_mainmenu [] []
[2021-12-04 14:18:56] app.INFO: Module ps_mainmenu has no vendor folder [] []
[2021-12-04 14:18:56] app.INFO: Protect vendor folder in module ps_searchbar [] []
[2021-12-04 14:18:56] app.INFO: Module ps_searchbar has no vendor folder [] []
[2021-12-04 14:18:56] app.INFO: Protect vendor folder in module ps_sharebuttons [] []
[2021-12-04 14:18:56] app.INFO: Module ps_sharebuttons has no vendor folder [] []
[2021-12-04 14:18:56] app.INFO: Protect vendor folder in module ps_shoppingcart [] []
[2021-12-04 14:18:56] app.INFO: Module ps_shoppingcart has no vendor folder [] []
[2021-12-04 14:18:56] app.INFO: Protect vendor folder in module ps_socialfollow [] []
[2021-12-04 14:18:56] app.INFO: Module ps_socialfollow has no vendor folder [] []
[2021-12-04 14:18:56] app.INFO: Protect vendor folder in module ps_themecusto [] []
[2021-12-04 14:18:56] app.INFO: Module ps_themecusto has no vendor folder [] []
[2021-12-04 14:18:56] app.INFO: Protect vendor folder in module ps_wirepayment [] []
[2021-12-04 14:18:56] app.INFO: Module ps_wirepayment has no vendor folder [] []
[2021-12-04 14:18:56] app.INFO: Protect vendor folder in module pagesnotfound [] []
[2021-12-04 14:18:56] app.INFO: Module pagesnotfound has no vendor folder [] []
[2021-12-04 14:18:57] app.INFO: Protect vendor folder in module sekeywords [] []
[2021-12-04 14:18:57] app.INFO: Module sekeywords has no vendor folder [] []
[2021-12-04 14:18:57] app.INFO: Protect vendor folder in module statsbestcategories [] []
[2021-12-04 14:18:57] app.INFO: Module statsbestcategories has no vendor folder [] []
[2021-12-04 14:18:57] app.INFO: Protect vendor folder in module statsbestcustomers [] []
[2021-12-04 14:18:57] app.INFO: Module statsbestcustomers has no vendor folder [] []
[2021-12-04 14:18:57] app.INFO: Protect vendor folder in module statsbestproducts [] []
[2021-12-04 14:18:57] app.INFO: Module statsbestproducts has no vendor folder [] []
[2021-12-04 14:18:57] app.INFO: Protect vendor folder in module statsbestsuppliers [] []
[2021-12-04 14:18:57] app.INFO: Module statsbestsuppliers has no vendor folder [] []
[2021-12-04 14:18:57] app.INFO: Protect vendor folder in module statsbestvouchers [] []
[2021-12-04 14:18:57] app.INFO: Module statsbestvouchers has no vendor folder [] []
[2021-12-04 14:18:57] app.INFO: Protect vendor folder in module statscarrier [] []
[2021-12-04 14:18:57] app.INFO: Module statscarrier has no vendor folder [] []
[2021-12-04 14:18:57] app.INFO: Protect vendor folder in module statscatalog [] []
[2021-12-04 14:18:57] app.INFO: Module statscatalog has no vendor folder [] []
[2021-12-04 14:18:57] app.INFO: Protect vendor folder in module statscheckup [] []
[2021-12-04 14:18:57] app.INFO: Module statscheckup has no vendor folder [] []
[2021-12-04 14:18:57] app.INFO: Protect vendor folder in module statsdata [] []
[2021-12-04 14:18:57] app.INFO: Module statsdata has no vendor folder [] []
[2021-12-04 14:18:57] app.INFO: Protect vendor folder in module statsequipment [] []
[2021-12-04 14:18:57] app.INFO: Module statsequipment has no vendor folder [] []
[2021-12-04 14:18:57] app.INFO: Protect vendor folder in module statsforecast [] []
[2021-12-04 14:18:57] app.INFO: Module statsforecast has no vendor folder [] []
[2021-12-04 14:18:57] app.INFO: Protect vendor folder in module statslive [] []
[2021-12-04 14:18:57] app.INFO: Module statslive has no vendor folder [] []
[2021-12-04 14:18:57] app.INFO: Protect vendor folder in module statsnewsletter [] []
[2021-12-04 14:18:57] app.INFO: Module statsnewsletter has no vendor folder [] []
[2021-12-04 14:18:57] app.INFO: Protect vendor folder in module statsorigin [] []
[2021-12-04 14:18:57] app.INFO: Module statsorigin has no vendor folder [] []
[2021-12-04 14:18:57] app.INFO: Protect vendor folder in module statspersonalinfos [] []
[2021-12-04 14:18:57] app.INFO: Module statspersonalinfos has no vendor folder [] []
[2021-12-04 14:18:57] app.INFO: Protect vendor folder in module statsproduct [] []
[2021-12-04 14:18:57] app.INFO: Module statsproduct has no vendor folder [] []
[2021-12-04 14:18:57] app.INFO: Protect vendor folder in module statsregistrations [] []
[2021-12-04 14:18:57] app.INFO: Module statsregistrations has no vendor folder [] []
[2021-12-04 14:18:57] app.INFO: Protect vendor folder in module statssales [] []
[2021-12-04 14:18:57] app.INFO: Module statssales has no vendor folder [] []
[2021-12-04 14:18:57] app.INFO: Protect vendor folder in module statssearch [] []
[2021-12-04 14:18:57] app.INFO: Module statssearch has no vendor folder [] []
[2021-12-04 14:18:57] app.INFO: Protect vendor folder in module statsstock [] []
[2021-12-04 14:18:57] app.INFO: Module statsstock has no vendor folder [] []
[2021-12-04 14:18:57] app.INFO: Protect vendor folder in module statsvisits [] []
[2021-12-04 14:18:57] app.INFO: Module statsvisits has no vendor folder [] []
[2021-12-04 14:18:57] app.INFO: Protect vendor folder in module welcome [] []
[2021-12-04 14:18:59] app.INFO: Exporting mail with theme modern for language Polski (Polish) [] []
[2021-12-04 14:18:59] app.INFO: Core output folder: /var/www/html/mails [] []
[2021-12-04 14:18:59] app.INFO: Modules output folder: /var/www/html/modules/ [] []
